#
# There is insufficient memory for the Java Runtime Environment to continue.
# Native memory allocation (malloc) failed to allocate 982656 bytes for Chunk::new
# Possible reasons:
#   The system is out of physical RAM or swap space
#   In 32 bit mode, the process size limit was hit
# Possible solutions:
#   Reduce memory load on the system
#   Increase physical memory or swap space
#   Check if swap backing store is full
#   Use 64 bit Java on a 64 bit OS
#   Decrease Java heap size (-Xmx/-Xms)
#   Decrease number of Java threads
#   Decrease Java thread stack sizes (-Xss)
#   Set larger code cache with -XX:ReservedCodeCacheSize=
# This output file may be truncated or incomplete.
#
#  Out of Memory Error (allocation.cpp:390), pid=4016, tid=0x0000000000000fcc
#
# JRE version: OpenJDK Runtime Environment (8.0_152-b06) (build 1.8.0_152-release-1136-b06)
# Java VM: OpenJDK 64-Bit Server VM (25.152-b06 mixed mode windows-amd64 compressed oops)
# Failed to write core dump. Minidumps are not enabled by default on client versions of Windows
#

---------------  T H R E A D  ---------------

Current thread (0x00000000165f4000):  JavaThread "C2 CompilerThread0" daemon [_thread_in_native, id=4044, stack(0x0000000017630000,0x0000000017730000)]

Stack: [0x0000000017630000,0x0000000017730000]
[error occurred during error reporting (printing stack bounds), id 0xc0000005]

Native frames: (J=compiled Java code, j=interpreted, Vv=VM code, C=native code)


Current CompileTask:
C2: 529866 9157       4       com.android.utils.XmlUtils::append (540 bytes)


---------------  P R O C E S S  ---------------

Java Threads: ( => current thread )
  0x0000000018ea1000 JavaThread "ForkJoinPool.commonPool-worker-0" daemon [_thread_blocked, id=4332, stack(0x00000000237b0000,0x00000000238b0000)]
  0x0000000018ea0000 JavaThread "Task worker for ':'" [_thread_in_native, id=6244, stack(0x00000000236b0000,0x00000000237b0000)]
  0x0000000018ea2800 JavaThread "Cache worker for Build Output Cleanup Cache (D:\NewLeafChildrenBookstore2\.gradle\buildOutputCleanup)" [_thread_blocked, id=4812, stack(0x00000000235b0000,0x00000000236b0000)]
  0x0000000018e9e000 JavaThread "Cache worker for task history cache (D:\NewLeafChildrenBookstore2\.gradle\4.6\taskHistory)" [_thread_blocked, id=5196, stack(0x00000000234b0000,0x00000000235b0000)]
  0x0000000018e9f800 JavaThread "Cache worker for file content cache (D:\NewLeafChildrenBookstore2\.gradle\4.6\fileContent)" [_thread_blocked, id=4604, stack(0x00000000233b0000,0x00000000234b0000)]
  0x0000000018ea3000 JavaThread "Build operations Thread 2" [_thread_blocked, id=4168, stack(0x00000000232b0000,0x00000000233b0000)]
  0x0000000018e96800 JavaThread "Build operations" [_thread_blocked, id=484, stack(0x00000000231b0000,0x00000000232b0000)]
  0x0000000018e97000 JavaThread "Cache worker for Artifact transforms cache (C:\Users\ladyg\.gradle\caches\transforms-1)" [_thread_blocked, id=8612, stack(0x00000000230b0000,0x00000000231b0000)]
  0x0000000018e9d000 JavaThread "Cache worker for file hash cache (D:\NewLeafChildrenBookstore2\.gradle\4.6\fileHashes)" [_thread_blocked, id=5408, stack(0x0000000022fb0000,0x00000000230b0000)]
  0x0000000018e95800 JavaThread "Stdin handler" [_thread_blocked, id=1964, stack(0x0000000022eb0000,0x0000000022fb0000)]
  0x0000000018e9c800 JavaThread "Asynchronous log dispatcher for DefaultDaemonConnection: socket connection from /127.0.0.1:53279 to /127.0.0.1:53288" [_thread_blocked, id=6716, stack(0x0000000022db0000,0x0000000022eb0000)]
  0x0000000018e9b000 JavaThread "Daemon worker Thread 2" [_thread_blocked, id=5232, stack(0x0000000022cb0000,0x0000000022db0000)]
  0x0000000018e99800 JavaThread "Cancel handler" [_thread_blocked, id=2800, stack(0x0000000022bb0000,0x0000000022cb0000)]
  0x0000000018e9a000 JavaThread "Handler for socket connection from /127.0.0.1:53279 to /127.0.0.1:53288" [_thread_in_native, id=936, stack(0x0000000022ab0000,0x0000000022bb0000)]
  0x0000000018e95000 JavaThread "Daemon Thread 2" [_thread_blocked, id=6648, stack(0x00000000229b0000,0x0000000022ab0000)]
  0x0000000018e98000 JavaThread "pool-1-thread-1" [_thread_blocked, id=8584, stack(0x00000000227b0000,0x00000000228b0000)]
  0x0000000018e98800 JavaThread "MarlinRenderer Disposer" daemon [_thread_blocked, id=8412, stack(0x0000000021fb0000,0x00000000220b0000)]
  0x0000000018e94000 JavaThread "Java2D Disposer" daemon [_thread_blocked, id=2576, stack(0x0000000021c10000,0x0000000021d10000)]
  0x000000001b526000 JavaThread "Memory manager" [_thread_blocked, id=8208, stack(0x000000001f040000,0x000000001f140000)]
  0x0000000018143800 JavaThread "File lock request listener" [_thread_in_native, id=2076, stack(0x000000001b940000,0x000000001ba40000)]
  0x00000000183f9800 JavaThread "Cache worker for file hash cache (C:\Users\ladyg\.gradle\caches\4.6\fileHashes)" [_thread_blocked, id=9160, stack(0x000000001b840000,0x000000001b940000)]
  0x0000000017afa800 JavaThread "Daemon periodic checks" [_thread_blocked, id=344, stack(0x0000000019d70000,0x0000000019e70000)]
  0x0000000018082000 JavaThread "Incoming local TCP Connector on port 53279" [_thread_in_native, id=2400, stack(0x0000000019b40000,0x0000000019c40000)]
  0x0000000016604800 JavaThread "Service Thread" daemon [_thread_blocked, id=5416, stack(0x0000000017830000,0x0000000017930000)]
  0x00000000165f7800 JavaThread "C1 CompilerThread1" daemon [_thread_blocked, id=8032, stack(0x0000000017730000,0x0000000017830000)]
=>0x00000000165f4000 JavaThread "C2 CompilerThread0" daemon [_thread_in_native, id=4044, stack(0x0000000017630000,0x0000000017730000)]
  0x00000000165f2800 JavaThread "Attach Listener" daemon [_thread_blocked, id=8280, stack(0x0000000017530000,0x0000000017630000)]
  0x00000000165ff000 JavaThread "Signal Dispatcher" daemon [_thread_blocked, id=6076, stack(0x0000000017430000,0x0000000017530000)]
  0x00000000165df000 JavaThread "Finalizer" daemon [_thread_blocked, id=5536, stack(0x0000000017240000,0x0000000017340000)]
  0x00000000165b4000 JavaThread "Reference Handler" daemon [_thread_blocked, id=2260, stack(0x0000000017140000,0x0000000017240000)]
  0x0000000002cb2800 JavaThread "main" [_thread_blocked, id=1896, stack(0x00000000013c0000,0x00000000014c0000)]

Other Threads:
  0x00000000165ad000 VMThread [stack: 0x0000000017040000,0x0000000017140000] [id=760]
  0x0000000016608800 WatcherThread [stack: 0x0000000017930000,0x0000000017a30000] [id=6112]

VM state:not at safepoint (normal execution)

VM Mutex/Monitor currently owned by a thread: None

Heap:
 PSYoungGen      total 140800K, used 70038K [0x00000000e0000000, 0x00000000eaf00000, 0x0000000100000000)
  eden space 123392K, 49% used [0x00000000e0000000,0x00000000e3b11b00,0x00000000e7880000)
  from space 17408K, 54% used [0x00000000e7880000,0x00000000e81d3fe0,0x00000000e8980000)
  to   space 17408K, 0% used [0x00000000e9e00000,0x00000000e9e00000,0x00000000eaf00000)
 ParOldGen       total 101376K, used 41178K [0x00000000a0000000, 0x00000000a6300000, 0x00000000e0000000)
  object space 101376K, 40% used [0x00000000a0000000,0x00000000a2836ba0,0x00000000a6300000)
 Metaspace       used 62801K, capacity 64466K, committed 64640K, reserved 1105920K
  class space    used 8135K, capacity 8550K, committed 8576K, reserved 1048576K

Card table byte_map: [0x0000000012390000,0x00000000126a0000] byte_map_base: 0x0000000011e90000

Marking Bits: (ParMarkBitMap*) 0x000000006ade5aa0
 Begin Bits: [0x00000000129a0000, 0x00000000141a0000)
 End Bits:   [0x00000000141a0000, 0x00000000159a0000)

Polling page: 0x00000000010b0000

CodeCache: size=245760Kb used=25605Kb max_used=25612Kb free=220154Kb
 bounds [0x0000000002fd0000, 0x0000000004900000, 0x0000000011fd0000]
 total_blobs=8808 nmethods=7913 adapters=808
 compilation: enabled

Compilation events (10 events):
Event: 529.330 Thread 0x00000000165f4000 nmethod 9153 0x00000000048e14d0 code [0x00000000048e1620, 0x00000000048e16e8]
Event: 529.330 Thread 0x00000000165f4000 9154       4       com.sun.org.apache.xerces.internal.dom.AttrImpl::setOwnerDocument (49 bytes)
Event: 529.332 Thread 0x00000000165f4000 nmethod 9154 0x00000000048ba690 code [0x00000000048ba7c0, 0x00000000048ba8b8]
Event: 529.332 Thread 0x00000000165f4000 9156       4       com.sun.org.apache.xerces.internal.dom.ElementNSImpl::getNamespaceURI (16 bytes)
Event: 529.334 Thread 0x00000000165f4000 nmethod 9156 0x00000000036c0610 code [0x00000000036c0740, 0x00000000036c07d8]
Event: 529.334 Thread 0x00000000165f4000 9155       4       com.sun.org.apache.xerces.internal.dom.DocumentImpl::getImplementation (4 bytes)
Event: 529.335 Thread 0x00000000165f4000 nmethod 9155 0x0000000003ab9590 code [0x0000000003ab96c0, 0x0000000003ab9738]
Event: 529.338 Thread 0x00000000165f4000 9157       4       com.android.utils.XmlUtils::append (540 bytes)
Event: 529.347 Thread 0x00000000165f7800 9158       3       com.android.ide.common.blame.SourceFile::equals (55 bytes)
Event: 529.349 Thread 0x00000000165f7800 nmethod 9158 0x00000000048f5750 code [0x00000000048f5940, 0x00000000048f6538]

GC Heap History (10 events):
Event: 30.377 GC heap before
{Heap before GC invocations=14 (full 2):
 PSYoungGen      total 95232K, used 94660K [0x00000000e0000000, 0x00000000e7c80000, 0x0000000100000000)
  eden space 85504K, 100% used [0x00000000e0000000,0x00000000e5380000,0x00000000e5380000)
  from space 9728K, 94% used [0x00000000e5380000,0x00000000e5c71280,0x00000000e5d00000)
  to   space 10752K, 0% used [0x00000000e7200000,0x00000000e7200000,0x00000000e7c80000)
 ParOldGen       total 57344K, used 15909K [0x00000000a0000000, 0x00000000a3800000, 0x00000000e0000000)
  object space 57344K, 27% used [0x00000000a0000000,0x00000000a0f897b0,0x00000000a3800000)
 Metaspace       used 48381K, capacity 49358K, committed 49536K, reserved 1091584K
  class space    used 6473K, capacity 6768K, committed 6784K, reserved 1048576K
Event: 30.425 GC heap after
Heap after GC invocations=14 (full 2):
 PSYoungGen      total 113664K, used 10725K [0x00000000e0000000, 0x00000000e8100000, 0x0000000100000000)
  eden space 102912K, 0% used [0x00000000e0000000,0x00000000e0000000,0x00000000e6480000)
  from space 10752K, 99% used [0x00000000e7200000,0x00000000e7c79500,0x00000000e7c80000)
  to   space 13824K, 0% used [0x00000000e6480000,0x00000000e6480000,0x00000000e7200000)
 ParOldGen       total 57344K, used 20457K [0x00000000a0000000, 0x00000000a3800000, 0x00000000e0000000)
  object space 57344K, 35% used [0x00000000a0000000,0x00000000a13fa4b8,0x00000000a3800000)
 Metaspace       used 48381K, capacity 49358K, committed 49536K, reserved 1091584K
  class space    used 6473K, capacity 6768K, committed 6784K, reserved 1048576K
}
Event: 38.610 GC heap before
{Heap before GC invocations=15 (full 2):
 PSYoungGen      total 113664K, used 113637K [0x00000000e0000000, 0x00000000e8100000, 0x0000000100000000)
  eden space 102912K, 100% used [0x00000000e0000000,0x00000000e6480000,0x00000000e6480000)
  from space 10752K, 99% used [0x00000000e7200000,0x00000000e7c79500,0x00000000e7c80000)
  to   space 13824K, 0% used [0x00000000e6480000,0x00000000e6480000,0x00000000e7200000)
 ParOldGen       total 57344K, used 20457K [0x00000000a0000000, 0x00000000a3800000, 0x00000000e0000000)
  object space 57344K, 35% used [0x00000000a0000000,0x00000000a13fa4b8,0x00000000a3800000)
 Metaspace       used 55345K, capacity 56914K, committed 57088K, reserved 1097728K
  class space    used 7515K, capacity 7908K, committed 7936K, reserved 1048576K
Event: 38.745 GC heap after
Heap after GC invocations=15 (full 2):
 PSYoungGen      total 116736K, used 10800K [0x00000000e0000000, 0x00000000e9800000, 0x0000000100000000)
  eden space 102912K, 0% used [0x00000000e0000000,0x00000000e0000000,0x00000000e6480000)
  from space 13824K, 78% used [0x00000000e6480000,0x00000000e6f0c268,0x00000000e7200000)
  to   space 14848K, 0% used [0x00000000e8980000,0x00000000e8980000,0x00000000e9800000)
 ParOldGen       total 57344K, used 31155K [0x00000000a0000000, 0x00000000a3800000, 0x00000000e0000000)
  object space 57344K, 54% used [0x00000000a0000000,0x00000000a1e6ce80,0x00000000a3800000)
 Metaspace       used 55345K, capacity 56914K, committed 57088K, reserved 1097728K
  class space    used 7515K, capacity 7908K, committed 7936K, reserved 1048576K
}
Event: 50.548 GC heap before
{Heap before GC invocations=16 (full 2):
 PSYoungGen      total 116736K, used 88385K [0x00000000e0000000, 0x00000000e9800000, 0x0000000100000000)
  eden space 102912K, 75% used [0x00000000e0000000,0x00000000e4bc44e0,0x00000000e6480000)
  from space 13824K, 78% used [0x00000000e6480000,0x00000000e6f0c268,0x00000000e7200000)
  to   space 14848K, 0% used [0x00000000e8980000,0x00000000e8980000,0x00000000e9800000)
 ParOldGen       total 57344K, used 31155K [0x00000000a0000000, 0x00000000a3800000, 0x00000000e0000000)
  object space 57344K, 54% used [0x00000000a0000000,0x00000000a1e6ce80,0x00000000a3800000)
 Metaspace       used 57394K, capacity 58882K, committed 59028K, reserved 1099776K
  class space    used 7707K, capacity 8110K, committed 8192K, reserved 1048576K
Event: 50.606 GC heap after
Heap after GC invocations=16 (full 2):
 PSYoungGen      total 138240K, used 14830K [0x00000000e0000000, 0x00000000e9a80000, 0x0000000100000000)
  eden space 123392K, 0% used [0x00000000e0000000,0x00000000e0000000,0x00000000e7880000)
  from space 14848K, 99% used [0x00000000e8980000,0x00000000e97fb9c8,0x00000000e9800000)
  to   space 17408K, 0% used [0x00000000e7880000,0x00000000e7880000,0x00000000e8980000)
 ParOldGen       total 57344K, used 33385K [0x00000000a0000000, 0x00000000a3800000, 0x00000000e0000000)
  object space 57344K, 58% used [0x00000000a0000000,0x00000000a209a4c8,0x00000000a3800000)
 Metaspace       used 57394K, capacity 58882K, committed 59028K, reserved 1099776K
  class space    used 7707K, capacity 8110K, committed 8192K, reserved 1048576K
}
Event: 50.606 GC heap before
{Heap before GC invocations=17 (full 3):
 PSYoungGen      total 138240K, used 14830K [0x00000000e0000000, 0x00000000e9a80000, 0x0000000100000000)
  eden space 123392K, 0% used [0x00000000e0000000,0x00000000e0000000,0x00000000e7880000)
  from space 14848K, 99% used [0x00000000e8980000,0x00000000e97fb9c8,0x00000000e9800000)
  to   space 17408K, 0% used [0x00000000e7880000,0x00000000e7880000,0x00000000e8980000)
 ParOldGen       total 57344K, used 33385K [0x00000000a0000000, 0x00000000a3800000, 0x00000000e0000000)
  object space 57344K, 58% used [0x00000000a0000000,0x00000000a209a4c8,0x00000000a3800000)
 Metaspace       used 57394K, capacity 58882K, committed 59028K, reserved 1099776K
  class space    used 7707K, capacity 8110K, committed 8192K, reserved 1048576K
Event: 51.239 GC heap after
Heap after GC invocations=17 (full 3):
 PSYoungGen      total 138240K, used 0K [0x00000000e0000000, 0x00000000e9a80000, 0x0000000100000000)
  eden space 123392K, 0% used [0x00000000e0000000,0x00000000e0000000,0x00000000e7880000)
  from space 14848K, 0% used [0x00000000e8980000,0x00000000e8980000,0x00000000e9800000)
  to   space 17408K, 0% used [0x00000000e7880000,0x00000000e7880000,0x00000000e8980000)
 ParOldGen       total 101376K, used 41170K [0x00000000a0000000, 0x00000000a6300000, 0x00000000e0000000)
  object space 101376K, 40% used [0x00000000a0000000,0x00000000a2834ba0,0x00000000a6300000)
 Metaspace       used 57394K, capacity 58882K, committed 59028K, reserved 1099776K
  class space    used 7707K, capacity 8110K, committed 8192K, reserved 1048576K
}
Event: 523.395 GC heap before
{Heap before GC invocations=18 (full 3):
 PSYoungGen      total 138240K, used 123392K [0x00000000e0000000, 0x00000000e9a80000, 0x0000000100000000)
  eden space 123392K, 100% used [0x00000000e0000000,0x00000000e7880000,0x00000000e7880000)
  from space 14848K, 0% used [0x00000000e8980000,0x00000000e8980000,0x00000000e9800000)
  to   space 17408K, 0% used [0x00000000e7880000,0x00000000e7880000,0x00000000e8980000)
 ParOldGen       total 101376K, used 41170K [0x00000000a0000000, 0x00000000a6300000, 0x00000000e0000000)
  object space 101376K, 40% used [0x00000000a0000000,0x00000000a2834ba0,0x00000000a6300000)
 Metaspace       used 62596K, capacity 64338K, committed 64384K, reserved 1105920K
  class space    used 8135K, capacity 8550K, committed 8576K, reserved 1048576K
Event: 523.435 GC heap after
Heap after GC invocations=18 (full 3):
 PSYoungGen      total 140800K, used 9551K [0x00000000e0000000, 0x00000000eaf00000, 0x0000000100000000)
  eden space 123392K, 0% used [0x00000000e0000000,0x00000000e0000000,0x00000000e7880000)
  from space 17408K, 54% used [0x00000000e7880000,0x00000000e81d3fe0,0x00000000e8980000)
  to   space 17408K, 0% used [0x00000000e9e00000,0x00000000e9e00000,0x00000000eaf00000)
 ParOldGen       total 101376K, used 41178K [0x00000000a0000000, 0x00000000a6300000, 0x00000000e0000000)
  object space 101376K, 40% used [0x00000000a0000000,0x00000000a2836ba0,0x00000000a6300000)
 Metaspace       used 62596K, capacity 64338K, committed 64384K, reserved 1105920K
  class space    used 8135K, capacity 8550K, committed 8576K, reserved 1048576K
}

Deoptimization events (10 events):
Event: 80.916 Thread 0x0000000018da4000 Uncommon trap: reason=unstable_if action=reinterpret pc=0x0000000004138214 method=java.util.HashMap$HashIterator.<init>(Ljava/util/HashMap;)V @ 45
Event: 511.593 Thread 0x0000000018e9b000 Uncommon trap: reason=class_check action=maybe_recompile pc=0x0000000003ab9838 method=com.google.common.collect.AbstractMapBasedMultimap$WrappedCollection.refreshIfEmpty()V @ 59
Event: 511.593 Thread 0x0000000018e9b000 Uncommon trap: reason=class_check action=maybe_recompile pc=0x00000000040c2f74 method=com.google.common.collect.AbstractMapBasedMultimap$WrappedCollection.refreshIfEmpty()V @ 59
Event: 515.049 Thread 0x0000000018e9b000 Uncommon trap: reason=class_check action=maybe_recompile pc=0x0000000003ce7644 method=java.util.Collections$SynchronizedCollection.add(Ljava/lang/Object;)Z @ 12
Event: 515.206 Thread 0x0000000018e9b000 Uncommon trap: reason=predicate action=maybe_recompile pc=0x0000000003fbd9f8 method=java.util.AbstractCollection.toArray([Ljava/lang/Object;)[Ljava/lang/Object; @ 49
Event: 515.533 Thread 0x0000000018e9b000 Uncommon trap: reason=array_check action=maybe_recompile pc=0x0000000004567e2c method=java.util.AbstractCollection.toArray([Ljava/lang/Object;)[Ljava/lang/Object; @ 119
Event: 515.533 Thread 0x0000000018e9b000 Uncommon trap: reason=array_check action=maybe_recompile pc=0x0000000004567e2c method=java.util.AbstractCollection.toArray([Ljava/lang/Object;)[Ljava/lang/Object; @ 119
Event: 515.533 Thread 0x0000000018e9b000 Uncommon trap: reason=array_check action=maybe_recompile pc=0x0000000004567e2c method=java.util.AbstractCollection.toArray([Ljava/lang/Object;)[Ljava/lang/Object; @ 119
Event: 515.534 Thread 0x0000000018e9b000 Uncommon trap: reason=array_check action=maybe_recompile pc=0x0000000004567e2c method=java.util.AbstractCollection.toArray([Ljava/lang/Object;)[Ljava/lang/Object; @ 119
Event: 523.284 Thread 0x0000000018ea0000 Uncommon trap: reason=null_check action=make_not_entrant pc=0x00000000047b15ec method=com.sun.org.apache.xerces.internal.dom.NamedNodeMapImpl.findNamePoint(Ljava/lang/String;Ljava/lang/String;)I @ 76

Classes redefined (0 events):
No events

Internal exceptions (10 events):
Event: 514.753 Thread 0x0000000018e9b000 Exception <a 'sun/nio/fs/WindowsException'> (0x00000000e57c4b48) thrown at [D:\src\AOSP-openjdk-cygwin\jdk8u\hotspot\src\share\vm\prims\jni.cpp, line 709]
Event: 514.807 Thread 0x0000000018e9b000 Exception <a 'sun/nio/fs/WindowsException'> (0x00000000e57c7c88) thrown at [D:\src\AOSP-openjdk-cygwin\jdk8u\hotspot\src\share\vm\prims\jni.cpp, line 709]
Event: 514.807 Thread 0x0000000018e9b000 Exception <a 'sun/nio/fs/WindowsException'> (0x00000000e57c8700) thrown at [D:\src\AOSP-openjdk-cygwin\jdk8u\hotspot\src\share\vm\prims\jni.cpp, line 709]
Event: 514.808 Thread 0x0000000018e9b000 Exception <a 'sun/nio/fs/WindowsException'> (0x00000000e57ca1b0) thrown at [D:\src\AOSP-openjdk-cygwin\jdk8u\hotspot\src\share\vm\prims\jni.cpp, line 709]
Event: 514.808 Thread 0x0000000018e9b000 Exception <a 'sun/nio/fs/WindowsException'> (0x00000000e57cac68) thrown at [D:\src\AOSP-openjdk-cygwin\jdk8u\hotspot\src\share\vm\prims\jni.cpp, line 709]
Event: 514.916 Thread 0x0000000018e9b000 Exception <a 'sun/nio/fs/WindowsException'> (0x00000000e57ceb98) thrown at [D:\src\AOSP-openjdk-cygwin\jdk8u\hotspot\src\share\vm\prims\jni.cpp, line 709]
Event: 514.916 Thread 0x0000000018e9b000 Exception <a 'sun/nio/fs/WindowsException'> (0x00000000e57cf600) thrown at [D:\src\AOSP-openjdk-cygwin\jdk8u\hotspot\src\share\vm\prims\jni.cpp, line 709]
Event: 514.916 Thread 0x0000000018e9b000 Exception <a 'sun/nio/fs/WindowsException'> (0x00000000e57d10b0) thrown at [D:\src\AOSP-openjdk-cygwin\jdk8u\hotspot\src\share\vm\prims\jni.cpp, line 709]
Event: 514.917 Thread 0x0000000018e9b000 Exception <a 'sun/nio/fs/WindowsException'> (0x00000000e57d1b50) thrown at [D:\src\AOSP-openjdk-cygwin\jdk8u\hotspot\src\share\vm\prims\jni.cpp, line 709]
Event: 523.284 Thread 0x0000000018ea0000 Implicit null exception at 0x00000000047b09f1 to 0x00000000047b15cd

Events (10 events):
Event: 526.822 Thread 0x0000000018ea1000 DEOPT UNPACKING pc=0x00000000030171d0 sp=0x00000000238ade18 mode 0
Event: 527.094 Thread 0x0000000018ea1800 DEOPT PACKING pc=0x00000000035215cf sp=0x00000000239ae6d0
Event: 527.094 Thread 0x0000000018ea1800 DEOPT UNPACKING pc=0x00000000030171d0 sp=0x00000000239ae330 mode 0
Event: 527.094 Thread 0x0000000018ea1800 DEOPT PACKING pc=0x00000000035215cf sp=0x00000000239ae6d0
Event: 527.094 Thread 0x0000000018ea1800 DEOPT UNPACKING pc=0x00000000030171d0 sp=0x00000000239ae330 mode 0
Event: 527.115 Thread 0x0000000018ea1800 DEOPT PACKING pc=0x00000000035215cf sp=0x00000000239ae660
Event: 527.115 Thread 0x0000000018ea1800 DEOPT UNPACKING pc=0x00000000030171d0 sp=0x00000000239ae2c0 mode 0
Event: 529.204 Executing VM operation: RevokeBias
Event: 529.205 Executing VM operation: RevokeBias done
Event: 529.205 Thread 0x0000000018ea1800 Thread exited: 0x0000000018ea1800


Dynamic libraries:
0x00007ff6d0fb0000 - 0x00007ff6d0fe1000 	F:\android-studio\jre\bin\java.exe
0x00007ffada940000 - 0x00007ffadab1b000 	C:\windows\SYSTEM32\ntdll.dll
0x00007ffad8d60000 - 0x00007ffad8e0e000 	C:\windows\System32\KERNEL32.DLL
0x00007ffad6fd0000 - 0x00007ffad721a000 	C:\windows\System32\KERNELBASE.dll
0x00007ffad8540000 - 0x00007ffad85e1000 	C:\windows\System32\ADVAPI32.dll
0x00007ffad8e10000 - 0x00007ffad8ead000 	C:\windows\System32\msvcrt.dll
0x00007ffad8140000 - 0x00007ffad8199000 	C:\windows\System32\sechost.dll
0x00007ffad81d0000 - 0x00007ffad82f5000 	C:\windows\System32\RPCRT4.dll
0x00007ffad8910000 - 0x00007ffad8a5a000 	C:\windows\System32\USER32.dll
0x00007ffad6e60000 - 0x00007ffad6e7e000 	C:\windows\System32\win32u.dll
0x00007ffad87d0000 - 0x00007ffad87f7000 	C:\windows\System32\GDI32.dll
0x00007ffad7bb0000 - 0x00007ffad7d38000 	C:\windows\System32\gdi32full.dll
0x00007ffad6f30000 - 0x00007ffad6fca000 	C:\windows\System32\msvcp_win.dll
0x00007ffad7da0000 - 0x00007ffad7e96000 	C:\windows\System32\ucrtbase.dll
0x00007ffacbc10000 - 0x00007ffacbe77000 	C:\windows\WinSxS\amd64_microsoft.windows.common-controls_6595b64144ccf1df_6.0.15063.1155_none_40c7922129a7722b\COMCTL32.dll
0x00007ffad8a60000 - 0x00007ffad8d59000 	C:\windows\System32\combase.dll
0x00007ffad7b40000 - 0x00007ffad7baa000 	C:\windows\System32\bcryptPrimitives.dll
0x00007ffad81a0000 - 0x00007ffad81cd000 	C:\windows\System32\IMM32.DLL
0x000000006af40000 - 0x000000006b012000 	F:\android-studio\jre\jre\bin\msvcr100.dll
0x000000006a620000 - 0x000000006ae61000 	F:\android-studio\jre\jre\bin\server\jvm.dll
0x00007ffad8130000 - 0x00007ffad8138000 	C:\windows\System32\PSAPI.DLL
0x00007ffad22b0000 - 0x00007ffad22b9000 	C:\windows\SYSTEM32\WSOCK32.dll
0x00007ffad5400000 - 0x00007ffad5423000 	C:\windows\SYSTEM32\WINMM.dll
0x00007ffad4ee0000 - 0x00007ffad4f0b000 	C:\windows\SYSTEM32\WINMMBASE.dll
0x00007ffacca00000 - 0x00007ffacca0a000 	C:\windows\SYSTEM32\VERSION.dll
0x00007ffad73f0000 - 0x00007ffad7439000 	C:\windows\System32\cfgmgr32.dll
0x00007ffad8760000 - 0x00007ffad87cc000 	C:\windows\System32\WS2_32.dll
0x00007ffad4f60000 - 0x00007ffad4f6f000 	F:\android-studio\jre\jre\bin\verify.dll
0x00007ffad1520000 - 0x00007ffad1549000 	F:\android-studio\jre\jre\bin\java.dll
0x00007ffad0af0000 - 0x00007ffad0b06000 	F:\android-studio\jre\jre\bin\zip.dll
0x00007ffad8eb0000 - 0x00007ffada2e8000 	C:\windows\System32\SHELL32.dll
0x00007ffada890000 - 0x00007ffada93a000 	C:\windows\System32\shcore.dll
0x00007ffad7440000 - 0x00007ffad7b31000 	C:\windows\System32\windows.storage.dll
0x00007ffad84e0000 - 0x00007ffad8531000 	C:\windows\System32\shlwapi.dll
0x00007ffad6dd0000 - 0x00007ffad6de1000 	C:\windows\System32\kernel.appcore.dll
0x00007ffad6df0000 - 0x00007ffad6e3c000 	C:\windows\System32\powrprof.dll
0x00007ffad6db0000 - 0x00007ffad6dc5000 	C:\windows\System32\profapi.dll
0x00007ffacf010000 - 0x00007ffacf02a000 	F:\android-studio\jre\jre\bin\net.dll
0x00007ffad6660000 - 0x00007ffad66bc000 	C:\windows\system32\mswsock.dll
0x00007fface630000 - 0x00007fface641000 	F:\android-studio\jre\jre\bin\nio.dll
0x00007ffad1cd0000 - 0x00007ffad1cee000 	C:\Users\ladyg\.gradle\native\25\windows-amd64\native-platform.dll
0x00007ffad3d20000 - 0x00007ffad3d2d000 	F:\android-studio\jre\jre\bin\management.dll
0x00007ffad6800000 - 0x00007ffad6817000 	C:\windows\SYSTEM32\CRYPTSP.dll
0x00007ffad6270000 - 0x00007ffad62a4000 	C:\windows\system32\rsaenh.dll
0x00007ffad6c70000 - 0x00007ffad6c95000 	C:\windows\SYSTEM32\bcrypt.dll
0x00007ffad6cb0000 - 0x00007ffad6cd9000 	C:\windows\SYSTEM32\USERENV.dll
0x00007ffad6ca0000 - 0x00007ffad6cab000 	C:\windows\SYSTEM32\CRYPTBASE.dll
0x00007ffad6400000 - 0x00007ffad6437000 	C:\windows\SYSTEM32\IPHLPAPI.DLL
0x00007ffad8380000 - 0x00007ffad8388000 	C:\windows\System32\NSI.dll
0x00007ffac91b0000 - 0x00007ffac91c6000 	C:\windows\SYSTEM32\dhcpcsvc6.DLL
0x00007ffac9c90000 - 0x00007ffac9caa000 	C:\windows\SYSTEM32\dhcpcsvc.DLL
0x00007ffab66f0000 - 0x00007ffab6887000 	F:\android-studio\jre\jre\bin\awt.dll
0x00007ffada7d0000 - 0x00007ffada890000 	C:\windows\System32\OLEAUT32.dll
0x00007ffad4830000 - 0x00007ffad4dd4000 	C:\windows\SYSTEM32\d2d1.dll
0x00007ffad7220000 - 0x00007ffad73e9000 	C:\windows\System32\CRYPT32.dll
0x00007ffad6e40000 - 0x00007ffad6e51000 	C:\windows\System32\MSASN1.dll
0x00007ffad5540000 - 0x00007ffad55be000 	C:\windows\SYSTEM32\apphelp.dll
0x00007ffad3dd0000 - 0x00007ffad3dfa000 	C:\windows\system32\DWMAPI.DLL
0x00007ffad56a0000 - 0x00007ffad5735000 	C:\windows\system32\uxtheme.dll

VM Arguments:
jvm_args: -Xmx1536m -Dfile.encoding=windows-1252 -Duser.country=US -Duser.language=en -Duser.variant 
java_command: org.gradle.launcher.daemon.bootstrap.GradleDaemon 4.6
java_class_path (initial): C:\Users\ladyg\.gradle\wrapper\dists\gradle-4.6-all\bcst21l2brirad8k2ben1letg\gradle-4.6\lib\gradle-launcher-4.6.jar
Launcher Type: SUN_STANDARD

Environment Variables:
PATH=C:\ProgramData\Oracle\Java\javapath;C:\Program Files (x86)\Intel\TXE Components\TCS\;C:\Program Files\Intel\TXE Components\TCS\;C:\windows\system32;C:\windows;C:\windows\System32\Wbem;C:\windows\System32\WindowsPowerShell\v1.0\;C:\Program Files\Intel\TXE Components\DAL\;C:\Program Files (x86)\Intel\TXE Components\DAL\;C:\Program Files\Intel\TXE Components\IPT\;C:\Program Files (x86)\Intel\TXE Components\IPT\;D:\Git\cmd;C:\sqlite;C:\Users\ladyg\AppData\Local\Microsoft\WindowsApps;
USERNAME=ladyg
OS=Windows_NT
PROCESSOR_IDENTIFIER=Intel64 Family 6 Model 76 Stepping 4, GenuineIntel



---------------  S Y S T E M  ---------------

OS: Windows 10.0 , 64 bit Build 15063 (10.0.15063.1058)

CPU:total 2 (initial active 2) (2 cores per cpu, 1 threads per core) family 6 model 76 stepping 4, cmov, cx8, fxsr, mmx, sse, sse2, sse3, ssse3, sse4.1, sse4.2, popcnt, aes, clmul, erms, 3dnowpref, tsc, tscinvbit

Memory: 4k page, physical 4097616k(556720k free), swap 5527120k(4148k free)

vm_info: OpenJDK 64-Bit Server VM (25.152-b06) for windows-amd64 JRE (1.8.0_152-release-1136-b06), built by "builder" with MS VC++ 10.0 (VS2010)

time: Sun Nov 11 20:43:05 2018
elapsed time: 529 seconds (0d 0h 8m 49s)

